Kesoyu/andorid/newGoogleMapsApi/app/build/intermediates/manifest_merge_blame_file/debug/manifest-merger-blame-debug-report.txt
1<?xml version="1.0" encoding="utf-8"?>
2<manifest xmlns:android="http://schemas.android.com/apk/res/android"
3    package="com.example.newgooglemapsapi"
4    android:versionCode="1"
5    android:versionName="1.0" >
6
7    <uses-sdk
8        android:minSdkVersion="28"
8-->src\main\AndroidManifest.xml
9        android:targetSdkVersion="32" />
9-->src\main\AndroidManifest.xml
10
11    <uses-permission android:name="android.permission.CAMERA" />
11-->src\main\AndroidManifest.xml:4:1-60
11-->src\main\AndroidManifest.xml:4:18-58
12    <uses-permission android:name="android.permission.ACCESS_COARSE_LOCATION" />
12-->src\main\AndroidManifest.xml:5:1-76
12-->src\main\AndroidManifest.xml:5:18-74
13    <uses-permission android:name="android.permission.ACCESS_FINE_LOCATION" />
13-->src\main\AndroidManifest.xml:6:1-74
13-->src\main\AndroidManifest.xml:6:18-72
14    <uses-permission android:name="android.permission.CAMERA" />
14-->src\main\AndroidManifest.xml:4:1-60
14-->src\main\AndroidManifest.xml:4:18-58
15
16    <!-- Include required permissions for Google Maps API to run. -->
17    <uses-permission android:name="android.permission.ACCESS_NETWORK_STATE" />
17-->[com.google.android.gms:play-services-maps:18.1.0] AndroidManifest.xml:23:5-79
17-->[com.google.android.gms:play-services-maps:18.1.0] AndroidManifest.xml:23:22-76
18    <uses-permission android:name="android.permission.INTERNET" />
18-->[com.google.android.gms:play-services-maps:18.1.0] AndroidManifest.xml:24:5-67
18-->[com.google.android.gms:play-services-maps:18.1.0] AndroidManifest.xml:24:22-64
19
20    <uses-feature
20-->[com.google.android.gms:play-services-maps:18.1.0] AndroidManifest.xml:26:5-28:35
21        android:glEsVersion="0x00020000"
21-->[com.google.android.gms:play-services-maps:18.1.0] AndroidManifest.xml:27:9-41
22        android:required="true" />
22-->[com.google.android.gms:play-services-maps:18.1.0] AndroidManifest.xml:28:9-32
23
24    <queries>
24-->[com.google.android.gms:play-services-maps:18.1.0] AndroidManifest.xml:30:5-34:15
25
26        <!-- Needs to be explicitly declared on Android R+ -->
27        <package android:name="com.google.android.apps.maps" />
27-->[com.google.android.gms:play-services-maps:18.1.0] AndroidManifest.xml:33:9-64
27-->[com.google.android.gms:play-services-maps:18.1.0] AndroidManifest.xml:33:18-61
28    </queries>
29
30    <application
30-->src\main\AndroidManifest.xml:9:5-47:19
31        android:allowBackup="true"
31-->src\main\AndroidManifest.xml:10:9-35
32        android:appComponentFactory="androidx.core.app.CoreComponentFactory"
32-->[androidx.core:core:1.8.0] AndroidManifest.xml:24:18-86
33        android:dataExtractionRules="@xml/data_extraction_rules"
33-->src\main\AndroidManifest.xml:11:9-65
34        android:debuggable="true"
35        android:extractNativeLibs="false"
36        android:fullBackupContent="@xml/backup_rules"
36-->src\main\AndroidManifest.xml:12:9-54
37        android:icon="@mipmap/ic_launcher"
37-->src\main\AndroidManifest.xml:13:9-43
38        android:label="@string/app_name"
38-->src\main\AndroidManifest.xml:14:9-41
39        android:networkSecurityConfig="@xml/network_security_config"
39-->src\main\AndroidManifest.xml:19:9-69
40        android:roundIcon="@mipmap/ic_launcher_round"
40-->src\main\AndroidManifest.xml:15:9-54
41        android:supportsRtl="true"
41-->src\main\AndroidManifest.xml:16:9-35
42        android:testOnly="true"
43        android:theme="@style/Theme.NewGoogleMapsApi"
43-->src\main\AndroidManifest.xml:18:9-54
44        android:usesCleartextTraffic="true" >
44-->src\main\AndroidManifest.xml:17:9-44
45
46        <!--
47             TODO: Before you run your application, you need a Google Maps API key.
48
49             To get one, follow the directions here:
50
51                https://developers.google.com/maps/documentation/android-sdk/get-api-key
52
53             Once you have your API key (it starts with "AIza"), define a new property in your
54             project's local.properties file (e.g. MAPS_API_KEY=Aiza...), and replace the
55             "YOUR_API_KEY" string in this file with "${MAPS_API_KEY}".
56        -->
57        <meta-data
57-->src\main\AndroidManifest.xml:33:9-35:71
58            android:name="com.google.android.geo.API_KEY"
58-->src\main\AndroidManifest.xml:34:13-58
59            android:value="AIzaSyBkmPJOyXwX1DPfvuIk3TcerUXC_N-0jUc" />
59-->src\main\AndroidManifest.xml:35:13-68
60
61        <activity
61-->src\main\AndroidManifest.xml:37:9-46:20
62            android:name="com.example.newgooglemapsapi.MapsActivity"
62-->src\main\AndroidManifest.xml:38:13-41
63            android:exported="true"
63-->src\main\AndroidManifest.xml:39:13-36
64            android:label="@string/title_activity_maps" >
64-->src\main\AndroidManifest.xml:40:13-56
65            <intent-filter>
65-->src\main\AndroidManifest.xml:41:13-45:29
66                <action android:name="android.intent.action.MAIN" />
66-->src\main\AndroidManifest.xml:42:17-69
66-->src\main\AndroidManifest.xml:42:25-66
67
68                <category android:name="android.intent.category.LAUNCHER" />
68-->src\main\AndroidManifest.xml:44:17-77
68-->src\main\AndroidManifest.xml:44:27-74
69            </intent-filter>
70        </activity>
71        <!-- Needs to be explicitly declared on P+ -->
72        <uses-library
72-->[com.google.android.gms:play-services-maps:18.1.0] AndroidManifest.xml:39:9-41:40
73            android:name="org.apache.http.legacy"
73-->[com.google.android.gms:play-services-maps:18.1.0] AndroidManifest.xml:40:13-50
74            android:required="false" />
74-->[com.google.android.gms:play-services-maps:18.1.0] AndroidManifest.xml:41:13-37
75
76        <activity
76-->[com.google.android.gms:play-services-base:18.0.1] AndroidManifest.xml:20:9-22:45
77            android:name="com.google.android.gms.common.api.GoogleApiActivity"
77-->[com.google.android.gms:play-services-base:18.0.1] AndroidManifest.xml:20:19-85
78            android:exported="false"
78-->[com.google.android.gms:play-services-base:18.0.1] AndroidManifest.xml:22:19-43
79            android:theme="@android:style/Theme.Translucent.NoTitleBar" />
79-->[com.google.android.gms:play-services-base:18.0.1] AndroidManifest.xml:21:19-78
80
81        <meta-data
81-->[com.google.android.gms:play-services-basement:18.0.0] AndroidManifest.xml:21:9-23:69
82            android:name="com.google.android.gms.version"
82-->[com.google.android.gms:play-services-basement:18.0.0] AndroidManifest.xml:22:13-58
83            android:value="@integer/google_play_services_version" />
83-->[com.google.android.gms:play-services-basement:18.0.0] AndroidManifest.xml:23:13-66
84
85        <provider
85-->[androidx.emoji2:emoji2:1.2.0] AndroidManifest.xml:24:9-32:20
86            android:name="androidx.startup.InitializationProvider"
86-->[androidx.emoji2:emoji2:1.2.0] AndroidManifest.xml:25:13-67
87            android:authorities="com.example.newgooglemapsapi.androidx-startup"
87-->[androidx.emoji2:emoji2:1.2.0] AndroidManifest.xml:26:13-68
88            android:exported="false" >
88-->[androidx.emoji2:emoji2:1.2.0] AndroidManifest.xml:27:13-37
89            <meta-data
89-->[androidx.emoji2:emoji2:1.2.0] AndroidManifest.xml:29:13-31:52
90                android:name="androidx.emoji2.text.EmojiCompatInitializer"
90-->[androidx.emoji2:emoji2:1.2.0] AndroidManifest.xml:30:17-75
91                android:value="androidx.startup" />
91-->[androidx.emoji2:emoji2:1.2.0] AndroidManifest.xml:31:17-49
92            <meta-data
92-->[androidx.lifecycle:lifecycle-process:2.4.1] AndroidManifest.xml:31:13-33:52
93                android:name="androidx.lifecycle.ProcessLifecycleInitializer"
93-->[androidx.lifecycle:lifecycle-process:2.4.1] AndroidManifest.xml:32:17-78
94                android:value="androidx.startup" />
94-->[androidx.lifecycle:lifecycle-process:2.4.1] AndroidManifest.xml:33:17-49
95        </provider>
96    </application>
97
98</manifest>